<?xml version="1.0" encoding="UTF-8"?>
<!-- Generated by org.testng.reporters.JUnitXMLReporter -->
<testsuite hostname="Jimiait" ignored="0" name="Default test" tests="3" failures="0" timestamp="2022-08-25T23:45:59 CDT" time="2.967" errors="0">
  <testcase name="createOneProduct" time="1.786" classname="testCases.CreateOneProduct"/>
  <testcase name="readAllProducts" time="0.722" classname="testCases.CreateOneProduct"/>
  <testcase name="readOneProduct" time="0.432" classname="testCases.CreateOneProduct"/>
</testsuite> <!-- Default test -->
